[2012-08-24 17:19:09] request.ERROR: Symfony\Component\HttpKernel\Exception\NotFoundHttpException: No route found for "GET /Fabio" (uncaught exception) at /Users/fabiofumarola/Sites/edb/app/cache/prod/classes.php line 4584 [] []
[2012-08-24 17:25:13] request.ERROR: Symfony\Component\HttpKernel\Exception\NotFoundHttpException: No route found for "GET /<" (uncaught exception) at /Users/fabiofumarola/Sites/edb/vendor/symfony/src/Symfony/Bundle/FrameworkBundle/EventListener/RouterListener.php line 83 [] []
[2012-08-24 18:05:27] request.ERROR: Symfony\Component\HttpKernel\Exception\NotFoundHttpException: No route found for "GET /<" (uncaught exception) at /Users/fabiofumarola/Sites/edb/app/cache/prod/classes.php line 4584 [] []
[2012-08-24 18:10:30] request.ERROR: Symfony\Component\HttpKernel\Exception\NotFoundHttpException: No route found for "GET /<" (uncaught exception) at /Users/fabiofumarola/Sites/edb/app/cache/prod/classes.php line 4584 [] []
[2012-08-24 18:10:35] request.ERROR: Symfony\Component\HttpKernel\Exception\NotFoundHttpException: No route found for "GET /<" (uncaught exception) at /Users/fabiofumarola/Sites/edb/app/cache/prod/classes.php line 4584 [] []
[2012-08-24 18:10:37] request.ERROR: Symfony\Component\HttpKernel\Exception\NotFoundHttpException: No route found for "GET /<" (uncaught exception) at /Users/fabiofumarola/Sites/edb/app/cache/prod/classes.php line 4584 [] []
[2012-08-24 18:13:52] request.ERROR: Symfony\Component\HttpKernel\Exception\NotFoundHttpException: No route found for "GET /<" (uncaught exception) at /Users/fabiofumarola/Sites/edb/app/cache/prod/classes.php line 4584 [] []
[2012-08-24 18:14:05] request.ERROR: Symfony\Component\HttpKernel\Exception\NotFoundHttpException: No route found for "GET /<" (uncaught exception) at /Users/fabiofumarola/Sites/edb/app/cache/prod/classes.php line 4584 [] []
[2012-08-24 18:14:06] request.ERROR: Symfony\Component\HttpKernel\Exception\NotFoundHttpException: No route found for "GET /<" (uncaught exception) at /Users/fabiofumarola/Sites/edb/app/cache/prod/classes.php line 4584 [] []
[2012-08-24 18:14:07] request.ERROR: Symfony\Component\HttpKernel\Exception\NotFoundHttpException: No route found for "GET /<" (uncaught exception) at /Users/fabiofumarola/Sites/edb/app/cache/prod/classes.php line 4584 [] []
[2012-08-24 18:14:10] request.ERROR: Symfony\Component\HttpKernel\Exception\NotFoundHttpException: No route found for "GET /<" (uncaught exception) at /Users/fabiofumarola/Sites/edb/app/cache/prod/classes.php line 4584 [] []
[2012-08-24 18:14:10] request.ERROR: Symfony\Component\HttpKernel\Exception\NotFoundHttpException: No route found for "GET /<" (uncaught exception) at /Users/fabiofumarola/Sites/edb/app/cache/prod/classes.php line 4584 [] []
[2012-08-24 18:14:10] request.ERROR: Symfony\Component\HttpKernel\Exception\NotFoundHttpException: No route found for "GET /<" (uncaught exception) at /Users/fabiofumarola/Sites/edb/app/cache/prod/classes.php line 4584 [] []
[2012-08-24 18:14:34] request.ERROR: Symfony\Component\HttpKernel\Exception\NotFoundHttpException: No route found for "GET /<" (uncaught exception) at /Users/fabiofumarola/Sites/edb/app/cache/prod/classes.php line 4584 [] []
[2012-08-24 18:16:21] request.ERROR: Symfony\Component\HttpKernel\Exception\NotFoundHttpException: No route found for "GET /<" (uncaught exception) at /Users/fabiofumarola/Sites/edb/app/cache/prod/classes.php line 4584 [] []
[2012-08-24 18:25:49] request.INFO: Matched route "KddeEdbBundle_homepage" (parameters: "_controller": "Kdde\EdbBundle\Controller\DefaultController::indexAction", "_route": "KddeEdbBundle_homepage") [] []
[2012-08-24 18:25:49] request.CRITICAL: Twig_Error_Syntax: Unknown tag name "endblock" in "::base.html.twig" at line 67 (uncaught exception) at /Users/fabiofumarola/Sites/edb/vendor/twig/lib/Twig/Parser.php line 176 [] []
[2012-09-04 12:19:21] security.INFO: Populated SecurityContext with an anonymous Token [] []
[2012-09-04 12:19:21] request.ERROR: Symfony\Component\HttpKernel\Exception\NotFoundHttpException: No route found for "GET /status" (uncaught exception) at /Users/fabiofumarola/Sites/edb/app/cache/prod/classes.php line 4584 [] []
[2012-09-04 12:20:05] security.INFO: Populated SecurityContext with an anonymous Token [] []
[2012-09-04 12:20:05] request.ERROR: Symfony\Component\HttpKernel\Exception\NotFoundHttpException: No route found for "GET /search/index" (uncaught exception) at /Users/fabiofumarola/Sites/edb/app/cache/prod/classes.php line 4584 [] []
[2012-09-04 12:20:18] security.INFO: Populated SecurityContext with an anonymous Token [] []
[2012-09-04 12:20:18] request.ERROR: Symfony\Component\HttpKernel\Exception\NotFoundHttpException: No route found for "GET /search/index" (uncaught exception) at /Users/fabiofumarola/Sites/edb/app/cache/prod/classes.php line 4584 [] []
[2012-09-10 23:13:53] security.INFO: Populated SecurityContext with an anonymous Token [] []
[2012-09-10 23:13:53] request.ERROR: Symfony\Component\HttpKernel\Exception\NotFoundHttpException: No route found for "GET /edb2" (uncaught exception) at /Users/fabiofumarola/Sites/edb/app/cache/prod/classes.php line 4584 [] []
[2012-09-10 23:14:01] security.INFO: Populated SecurityContext with an anonymous Token [] []
[2012-09-10 23:14:01] request.ERROR: Symfony\Component\HttpKernel\Exception\NotFoundHttpException: No route found for "GET /edb" (uncaught exception) at /Users/fabiofumarola/Sites/edb/app/cache/prod/classes.php line 4584 [] []
[2012-09-11 11:49:20] security.INFO: Populated SecurityContext with an anonymous Token [] []
[2012-09-11 11:49:20] request.ERROR: Symfony\Component\HttpKernel\Exception\NotFoundHttpException: No route found for "GET /edb2" (uncaught exception) at /Users/fabiofumarola/Sites/edb/app/cache/prod/classes.php line 4584 [] []
[2012-09-11 11:49:22] security.INFO: Populated SecurityContext with an anonymous Token [] []
[2012-09-11 11:49:22] request.ERROR: Symfony\Component\HttpKernel\Exception\NotFoundHttpException: No route found for "GET /edb" (uncaught exception) at /Users/fabiofumarola/Sites/edb/app/cache/prod/classes.php line 4584 [] []
[2012-09-11 13:40:37] security.INFO: Populated SecurityContext with an anonymous Token [] []
[2012-09-11 13:40:37] request.ERROR: Symfony\Component\HttpKernel\Exception\NotFoundHttpException: No route found for "GET /proxy/judge.php" (uncaught exception) at /Users/fabiofumarola/Sites/edb/app/cache/prod/classes.php line 4584 [] []
[2012-09-11 13:52:17] security.INFO: Populated SecurityContext with an anonymous Token [] []
[2012-09-11 13:52:17] request.ERROR: Symfony\Component\HttpKernel\Exception\NotFoundHttpException: No route found for "GET /edb" (uncaught exception) at /Users/fabiofumarola/Sites/edb/app/cache/prod/classes.php line 4584 [] []
[2012-09-11 17:40:35] security.INFO: Populated SecurityContext with an anonymous Token [] []
[2012-09-11 17:40:35] request.ERROR: Symfony\Component\HttpKernel\Exception\NotFoundHttpException: No route found for "GET /favicon.ico" (uncaught exception) at /Users/fabiofumarola/Sites/edb/app/cache/prod/classes.php line 4584 [] []
[2012-09-11 17:40:42] security.INFO: Populated SecurityContext with an anonymous Token [] []
[2012-09-11 17:40:42] request.ERROR: Symfony\Component\HttpKernel\Exception\NotFoundHttpException: No route found for "GET /favicon.ico" (uncaught exception) at /Users/fabiofumarola/Sites/edb/app/cache/prod/classes.php line 4584 [] []
[2012-09-11 17:40:45] security.INFO: Populated SecurityContext with an anonymous Token [] []
[2012-09-11 17:40:45] request.ERROR: Symfony\Component\HttpKernel\Exception\NotFoundHttpException: No route found for "GET /favicon.ico" (uncaught exception) at /Users/fabiofumarola/Sites/edb/app/cache/prod/classes.php line 4584 [] []
[2012-09-11 18:18:43] security.INFO: Populated SecurityContext with an anonymous Token [] []
[2012-09-11 18:18:43] request.ERROR: Symfony\Component\HttpKernel\Exception\NotFoundHttpException: No route found for "GET /proxy.php" (uncaught exception) at /Users/fabiofumarola/Sites/edb/app/cache/prod/classes.php line 4584 [] []
[2012-09-11 18:23:11] security.DEBUG: Read SecurityContext from the session [] []
[2012-09-11 18:23:11] security.DEBUG: Reloading user from user provider. [] []
[2012-09-11 18:23:11] security.DEBUG: Username "fumarola" was reloaded from user provider. [] []
[2012-09-11 18:23:11] request.ERROR: Symfony\Component\HttpKernel\Exception\NotFoundHttpException: No route found for "GET /favicon.ico" (uncaught exception) at /Users/fabiofumarola/Sites/edb/app/cache/prod/classes.php line 4584 [] []
[2012-09-11 18:23:11] security.DEBUG: Write SecurityContext in the session [] []
[2012-09-12 10:25:05] security.INFO: Populated SecurityContext with an anonymous Token [] []
[2012-09-12 10:25:05] request.ERROR: Symfony\Component\HttpKernel\Exception\NotFoundHttpException: No route found for "GET /edb2" (uncaught exception) at /Users/fabiofumarola/Sites/edb/app/cache/prod/classes.php line 4584 [] []
[2012-09-12 10:25:08] security.INFO: Populated SecurityContext with an anonymous Token [] []
[2012-09-12 10:25:08] request.ERROR: Symfony\Component\HttpKernel\Exception\NotFoundHttpException: No route found for "GET /edb" (uncaught exception) at /Users/fabiofumarola/Sites/edb/app/cache/prod/classes.php line 4584 [] []
[2012-09-12 10:25:12] security.INFO: Populated SecurityContext with an anonymous Token [] []
[2012-09-12 10:25:12] request.ERROR: Symfony\Component\HttpKernel\Exception\NotFoundHttpException: No route found for "GET /edb" (uncaught exception) at /Users/fabiofumarola/Sites/edb/app/cache/prod/classes.php line 4584 [] []
[2012-09-12 11:27:16] security.INFO: Populated SecurityContext with an anonymous Token [] []
[2012-09-12 11:27:16] request.INFO: Matched route "edb_search_basic" (parameters: "_controller": "Kdde\EdbBundle\Controller\SearchController::basicAction", "_route": "edb_search_basic") [] []
[2012-09-12 11:27:16] request.CRITICAL: BadMethodCallException: Undefined method 'findBasicSearch'. The method name must start with either findBy or findOneBy! (uncaught exception) at /Users/fabiofumarola/Sites/edb/vendor/doctrine/lib/Doctrine/ORM/EntityRepository.php line 201 [] []
[2012-09-12 11:27:16] security.INFO: Populated SecurityContext with an anonymous Token [] []
[2012-09-12 11:27:16] request.ERROR: Symfony\Component\HttpKernel\Exception\NotFoundHttpException: No route found for "GET /favicon.ico" (uncaught exception) at /Users/fabiofumarola/Sites/edb/app/cache/prod/classes.php line 4584 [] []
[2012-09-12 11:38:58] security.INFO: Populated SecurityContext with an anonymous Token [] []
[2012-09-12 11:38:58] request.ERROR: Symfony\Component\HttpKernel\Exception\NotFoundHttpException: No route found for "GET /favicon.ico" (uncaught exception) at /Users/fabiofumarola/Sites/edb/app/cache/prod/classes.php line 4584 [] []
[2012-09-12 13:56:09] security.INFO: Populated SecurityContext with an anonymous Token [] []
[2012-09-12 13:56:09] request.ERROR: Symfony\Component\HttpKernel\Exception\NotFoundHttpException: No route found for "GET /proxy/judge.php" (uncaught exception) at /Users/fabiofumarola/Sites/edb/app/cache/prod/classes.php line 4584 [] []
[2012-09-12 20:25:51] security.INFO: Populated SecurityContext with an anonymous Token [] []
[2012-09-12 20:25:51] request.ERROR: Symfony\Component\HttpKernel\Exception\NotFoundHttpException: No route found for "GET /proxy/judge.php" (uncaught exception) at /Users/fabiofumarola/Sites/edb/app/cache/prod/classes.php line 4584 [] []
[2012-09-13 11:54:52] security.INFO: Populated SecurityContext with an anonymous Token [] []
[2012-09-13 11:54:52] request.ERROR: Symfony\Component\HttpKernel\Exception\NotFoundHttpException: No route found for "GET /proxy/judge.php" (uncaught exception) at /Users/fabiofumarola/Sites/edb/app/cache/prod/classes.php line 4584 [] []
[2012-09-13 15:06:00] security.INFO: Populated SecurityContext with an anonymous Token [] []
[2012-09-13 15:06:00] request.ERROR: Symfony\Component\HttpKernel\Exception\NotFoundHttpException: No route found for "GET /favicon.ico" (uncaught exception) at /Users/fabiofumarola/Sites/edb/app/cache/prod/classes.php line 4584 [] []
[2012-09-13 15:06:33] security.INFO: Populated SecurityContext with an anonymous Token [] []
[2012-09-13 15:06:33] request.ERROR: Symfony\Component\HttpKernel\Exception\NotFoundHttpException: No route found for "GET /edb/src/Kdde/EdbBundle/Controller/LiteratureController.php" (uncaught exception) at /Users/fabiofumarola/Sites/edb/app/cache/prod/classes.php line 4584 [] []
[2012-09-13 18:09:29] security.INFO: Populated SecurityContext with an anonymous Token [] []
[2012-09-13 18:09:30] request.ERROR: Symfony\Component\HttpKernel\Exception\NotFoundHttpException: No route found for "GET /judge.php" (uncaught exception) at /Users/fabiofumarola/Sites/edb/vendor/symfony/src/Symfony/Bundle/FrameworkBundle/EventListener/RouterListener.php line 83 [] []
[2012-09-13 18:10:48] request.ERROR: Symfony\Component\HttpKernel\Exception\NotFoundHttpException: No route found for "CONNECT 64.12.202.43:443" (uncaught exception) at /Users/fabiofumarola/Sites/edb/vendor/symfony/src/Symfony/Bundle/FrameworkBundle/EventListener/RouterListener.php line 83 [] []
[2012-09-14 09:53:51] security.INFO: Populated SecurityContext with an anonymous Token [] []
[2012-09-14 09:53:51] request.ERROR: Symfony\Component\HttpKernel\Exception\NotFoundHttpException: No route found for "GET /favicon.ico" (uncaught exception) at /Users/fabiofumarola/Sites/edb/vendor/symfony/src/Symfony/Bundle/FrameworkBundle/EventListener/RouterListener.php line 83 [] []
[2012-09-14 10:04:39] security.INFO: Populated SecurityContext with an anonymous Token [] []
[2012-09-14 10:04:39] request.INFO: Matched route "edb_search_basic_do" (parameters: "_controller": "Kdde\EdbBundle\Controller\SearchController::basicDoAction", "_route": "edb_search_basic_do") [] []
[2012-09-14 10:04:40] request.CRITICAL: RuntimeException: One of listeners must count and slice given target (uncaught exception) at /Users/fabiofumarola/Sites/edb/vendor/knp-components/src/Knp/Component/Pager/Paginator.php line 97 [] []
[2012-09-14 10:04:40] security.INFO: Populated SecurityContext with an anonymous Token [] []
[2012-09-14 10:04:40] request.ERROR: Symfony\Component\HttpKernel\Exception\NotFoundHttpException: No route found for "GET /favicon.ico" (uncaught exception) at /Users/fabiofumarola/Sites/edb/app/cache/prod/classes.php line 4584 [] []
[2012-09-14 10:27:38] security.INFO: Populated SecurityContext with an anonymous Token [] []
[2012-09-14 10:27:38] request.ERROR: Symfony\Component\HttpKernel\Exception\NotFoundHttpException: No route found for "GET /favicon.ico" (uncaught exception) at /Users/fabiofumarola/Sites/edb/app/cache/prod/classes.php line 4584 [] []
[2012-09-14 10:42:14] request.ERROR: Symfony\Component\HttpKernel\Exception\NotFoundHttpException: No route found for "CONNECT 64.12.202.59:443" (uncaught exception) at /Users/fabiofumarola/Sites/edb/app/cache/prod/classes.php line 4584 [] []
[2012-09-14 12:47:42] security.DEBUG: Read SecurityContext from the session [] []
[2012-09-14 12:47:42] security.DEBUG: Reloading user from user provider. [] []
[2012-09-14 12:47:42] security.DEBUG: Username "fumarola" was reloaded from user provider. [] []
[2012-09-14 12:47:42] request.ERROR: Symfony\Component\HttpKernel\Exception\NotFoundHttpException: No route found for "GET /_profiler/50530b29107a9" (uncaught exception) at /Users/fabiofumarola/Sites/edb/app/cache/prod/classes.php line 4584 [] []
[2012-09-14 12:47:42] security.DEBUG: Write SecurityContext in the session [] []
[2012-09-14 14:44:34] request.ERROR: Symfony\Component\HttpKernel\Exception\NotFoundHttpException: No route found for "CONNECT 205.188.251.36:443" (uncaught exception) at /Users/fabiofumarola/Sites/edb/app/cache/prod/classes.php line 4584 [] []
[2012-09-14 16:17:34] security.INFO: Populated SecurityContext with an anonymous Token [] []
[2012-09-14 16:17:34] request.ERROR: Symfony\Component\HttpKernel\Exception\NotFoundHttpException: No route found for "GET /proxy.php" (uncaught exception) at /Users/fabiofumarola/Sites/edb/app/cache/prod/classes.php line 4584 [] []
[2012-09-14 21:39:21] security.INFO: Populated SecurityContext with an anonymous Token [] []
[2012-09-14 21:39:21] request.ERROR: Symfony\Component\HttpKernel\Exception\NotFoundHttpException: No route found for "GET /edb2" (uncaught exception) at /Users/fabiofumarola/Sites/edb/app/cache/prod/classes.php line 4584 [] []
[2012-09-17 12:23:47] security.INFO: Populated SecurityContext with an anonymous Token [] []
[2012-09-17 12:23:47] request.ERROR: Symfony\Component\HttpKernel\Exception\NotFoundHttpException: No route found for "GET /proxy/judge.php" (uncaught exception) at /Users/fabiofumarola/Sites/edb/app/cache/prod/classes.php line 4584 [] []
[2012-09-17 18:38:32] security.INFO: Populated SecurityContext with an anonymous Token [] []
[2012-09-17 18:38:32] request.ERROR: Symfony\Component\HttpKernel\Exception\NotFoundHttpException: No route found for "GET /proxy/judge.php" (uncaught exception) at /Users/fabiofumarola/Sites/edb/app/cache/prod/classes.php line 4584 [] []
[2012-09-18 12:06:50] security.INFO: Populated SecurityContext with an anonymous Token [] []
[2012-09-18 12:06:50] request.ERROR: Symfony\Component\HttpKernel\Exception\NotFoundHttpException: No route found for "GET /favicon.ico" (uncaught exception) at /Users/fabiofumarola/Sites/edb/app/cache/prod/classes.php line 4584 [] []
[2012-09-18 18:06:36] security.INFO: Populated SecurityContext with an anonymous Token [] []
[2012-09-18 18:06:36] request.ERROR: Symfony\Component\HttpKernel\Exception\NotFoundHttpException: No route found for "GET /user/soapCaller.bs" (uncaught exception) at /Users/fabiofumarola/Sites/edb/app/cache/prod/classes.php line 4584 [] []
[2012-09-18 18:46:28] security.INFO: Populated SecurityContext with an anonymous Token [] []
[2012-09-18 18:46:28] request.ERROR: Symfony\Component\HttpKernel\Exception\NotFoundHttpException: No route found for "GET /favicon.ico" (uncaught exception) at /Users/fabiofumarola/Sites/edb/app/cache/prod/classes.php line 4584 [] []
[2012-09-19 17:46:15] security.INFO: Populated SecurityContext with an anonymous Token [] []
[2012-09-19 17:46:15] request.ERROR: Symfony\Component\HttpKernel\Exception\NotFoundHttpException: No route found for "GET /jquery.tablesorter.min.js" (uncaught exception) at /Users/fabiofumarola/Sites/edb/app/cache/prod/classes.php line 4584 [] []
[2012-09-21 12:20:12] security.INFO: Populated SecurityContext with an anonymous Token [] []
[2012-09-21 12:20:12] request.ERROR: Symfony\Component\HttpKernel\Exception\NotFoundHttpException: No route found for "GET /httpproxy/proxyheader.php" (uncaught exception) at /Users/fabiofumarola/Sites/edb/app/cache/prod/classes.php line 4584 [] []
[2012-09-21 15:15:48] security.INFO: Populated SecurityContext with an anonymous Token [] []
[2012-09-21 15:15:48] request.ERROR: Symfony\Component\HttpKernel\Exception\NotFoundHttpException: No route found for "GET /judge.php" (uncaught exception) at /Users/fabiofumarola/Sites/edb/app/cache/prod/classes.php line 4584 [] []
[2012-09-23 22:01:48] security.DEBUG: Read SecurityContext from the session [] []
[2012-09-23 22:01:48] security.DEBUG: Reloading user from user provider. [] []
[2012-09-23 22:01:48] security.DEBUG: Username "fumarola" was reloaded from user provider. [] []
[2012-09-23 22:01:48] request.ERROR: Symfony\Component\HttpKernel\Exception\NotFoundHttpException: No route found for "GET /favicon.ico" (uncaught exception) at /Users/fabiofumarola/Sites/edb/app/cache/prod/classes.php line 4584 [] []
[2012-09-23 22:01:48] security.DEBUG: Write SecurityContext in the session [] []
